CRF++: Yet Another CRF Tool Kit
Copyright (C) 2005-2009 Taku Kudo, All rights reserved.

reading training data: 100.. 200.. 300.. 400.. 500.. 600.. 700.. 800.. 900.. 1000.. 1100.. 1200.. 1300.. 1400.. 1500.. 1600.. 1700.. 1800.. 1900.. 2000.. 2100.. 2200.. 2300.. 2400.. 2500.. 2600.. 2700.. 2800.. 2900.. 3000.. 3100.. 3200.. 3300.. 3400.. 3500.. 3600.. 3700.. 3800.. 3900.. 4000.. 4100.. 4200.. 4300.. 4400.. 4500.. 4600.. 4700.. 4800.. 4900.. 5000.. 5100.. 5200.. 5300.. 5400.. 5500.. 5600.. 5700.. 5800.. 5900.. 6000.. 6100.. 6200.. 6300.. 6400.. 6500.. 6600.. 6700.. 6800.. 6900.. 7000.. 7100.. 7200.. 7300.. 7400.. 7500.. 7600.. 7700.. 7800.. 7900.. 8000.. 8100.. 8200.. 8300.. 8400.. 8500.. 8600.. 8700.. 8800.. 8900.. 9000.. 9100.. 9200.. 9300.. 9400.. 9500.. 9600.. 9700.. 9800.. 9900.. 10000.. 10100.. 10200.. 10300.. 10400.. 10500.. 10600.. 10700.. 10800.. 10900.. 11000.. 11100.. 11200.. 11300.. 11400.. 11500.. 11600.. 11700.. 11800.. 11900.. 12000.. 12100.. 12200.. 12300.. 12400.. 12500.. 12600.. 12700.. 12800.. 12900.. 13000.. 13100.. 13200.. 13300.. 13400.. 13500.. 13600.. 13700.. 13800.. 13900.. 14000.. 14100.. 14200.. 14300.. 14400.. 14500.. 14600.. 14700.. 14800.. 14900.. 15000.. 15100.. 15200.. 15300.. 15400.. 15500.. 15600.. 15700.. 15800.. 15900.. 16000.. 16100.. 16200.. 16300.. 16400.. 16500.. 16600.. 16700.. 16800.. 16900.. 17000.. 17100.. 17200.. 17300.. 17400.. 17500.. 17600.. 17700.. 17800.. 17900.. 18000.. 18100.. 18200.. 18300.. 18400.. 18500.. 18600.. 18700.. 18800.. 18900.. 19000.. 19100.. 19200.. 19300.. 19400.. 19500.. 19600.. 19700.. 19800.. 19900.. 20000.. 20100.. 20200.. 20300.. 20400.. 20500.. 20600.. 20700.. 20800.. 20900.. 21000.. 21100.. 21200.. 21300.. 21400.. 21500.. 21600.. 21700.. 21800.. 21900.. 22000.. 22100.. 22200.. 22300.. 22400.. 22500.. 22600.. 22700.. 22800.. 22900.. 23000.. 23100.. 23200.. 23300.. 23400.. 23500.. 23600.. 23700.. 23800.. 23900.. 24000.. 24100.. 24200.. 24300.. 24400.. 24500.. 24600.. 24700.. 24800.. 24900.. 25000.. 25100.. 25200.. 25300.. 25400.. 25500.. 25600.. 25700.. 25800.. 25900.. 26000.. 26100.. 26200.. 26300.. 26400.. 26500.. 26600.. 26700.. 26800.. 26900.. 27000.. 27100.. 27200.. 27300.. 27400.. 27500.. 27600.. 27700.. 27800.. 27900.. 28000.. 28100.. 28200.. 28300.. 28400.. 28500.. 28600.. 28700.. 28800.. 28900.. 29000.. 29100.. 29200.. 29300.. 29400.. 29500.. 29600.. 29700.. 29800.. 29900.. 30000.. 30100.. 30200.. 30300.. 30400.. 30500.. 30600.. 30700.. 30800.. 30900.. 31000.. 31100.. 31200.. 31300.. 31400.. 31500.. 31600.. 31700.. 31800.. 31900.. 32000.. 32100.. 32200.. 32300.. 32400.. 32500.. 32600.. 32700.. 32800.. 32900.. 33000.. 33100.. 33200.. 33300.. 33400.. 33500.. 33600.. 33700.. 33800.. 33900.. 34000.. 34100.. 34200.. 34300.. 34400.. 34500.. 34600.. 34700.. 34800.. 34900.. 35000.. 35100.. 35200.. 35300.. 35400.. 35500.. 35600.. 35700.. 35800.. 35900.. 36000.. 36100.. 36200.. 36300.. 36400.. 36500.. 36600.. 36700.. 36800.. 36900.. 37000.. 37100.. 37200.. 37300.. 37400.. 37500.. 37600.. 37700.. 37800.. 37900.. 38000.. 38100.. 38200.. 38300.. 38400.. 38500.. 38600.. 38700.. 38800.. 38900.. 39000.. 39100.. 39200.. 39300.. 39400.. 39500.. 39600.. 39700.. 39800.. 39900.. 40000.. 40100.. 40200.. 40300.. 40400.. 40500.. 40600.. 40700.. 40800.. 40900.. 41000.. 41100.. 41200.. 41300.. 41400.. 41500.. 41600.. 41700.. 41800.. 41900.. 42000.. 42100.. 42200.. 42300.. 42400.. 42500.. 42600.. 42700.. 42800.. 42900.. 43000.. 43100.. 43200.. 43300.. 43400.. 43500.. 43600.. 43700.. 43800.. 43900.. 44000.. 44100.. 44200.. 44300.. 44400.. 44500.. 44600.. 44700.. 44800.. 44900.. 45000.. 45100.. 45200.. 45300.. 45400.. 45500.. 45600.. 45700.. 45800.. 45900.. 46000.. 46100.. 46200.. 46300.. 46400.. 46500.. 46600.. 46700.. 46800.. 46900.. 47000.. 47100.. 47200.. 47300.. 47400.. 47500.. 47600.. 47700.. 47800.. 47900.. 48000.. 48100.. 48200.. 48300.. 48400.. 48500.. 48600.. 48700.. 48800.. 48900.. 49000.. 49100.. 49200.. 49300.. 49400.. 49500.. 49600.. 49700.. 49800.. 49900.. 50000.. 50100.. 50200.. 50300.. 50400.. 50500.. 50600.. 50700.. 50800.. 50900.. 51000.. 51100.. 51200.. 51300.. 51400.. 51500.. 51600.. 51700.. 51800.. 51900.. 52000.. 52100.. 52200.. 52300.. 52400.. 52500.. 52600.. 52700.. 52800.. 52900.. 53000.. 53100.. 53200.. 53300.. 53400.. 53500.. 53600.. 53700.. 53800.. 53900.. 54000.. 54100.. 54200.. 54300.. 54400.. 54500.. 54600.. 54700.. 54800.. 54900.. 55000.. 55100.. 55200.. 55300.. 55400.. 55500.. 55600.. 55700.. 55800.. 55900.. 56000.. 56100.. 56200.. 56300.. 56400.. 56500.. 56600.. 56700.. 56800.. 56900.. 57000.. 57100.. 57200.. 57300.. 57400.. 57500.. 57600.. 57700.. 57800.. 57900.. 58000.. 58100.. 58200.. 58300.. 58400.. 58500.. 58600.. 58700.. 58800.. 58900.. 59000.. 59100.. 59200.. 59300.. 59400.. 59500.. 59600.. 59700.. 59800.. 59900.. 60000.. 60100.. 60200.. 60300.. 60400.. 60500.. 60600.. 60700.. 60800.. 60900.. 61000.. 61100.. 61200.. 61300.. 61400.. 61500.. 61600.. 61700.. 61800.. 61900.. 62000.. 62100.. 62200.. 62300.. 62400.. 62500.. 62600.. 62700.. 62800.. 62900.. 63000.. 63100.. 63200.. 63300.. 63400.. 63500.. 63600.. 63700.. 63800.. 63900.. 64000.. 64100.. 64200.. 64300.. 64400.. 64500.. 64600.. 64700.. 64800.. 64900.. 65000.. 65100.. 65200.. 65300.. 65400.. 65500.. 65600.. 65700.. 65800.. 65900.. 66000.. 66100.. 66200.. 66300.. 66400.. 66500.. 66600.. 66700.. 66800.. 66900.. 67000.. 67100.. 67200.. 67300.. 67400.. 67500.. 67600.. 67700.. 67800.. 67900.. 68000.. 68100.. 68200.. 68300.. 68400.. 68500.. 68600.. 68700.. 68800.. 68900.. 69000.. 69100.. 69200.. 69300.. 69400.. 69500.. 69600.. 69700.. 69800.. 69900.. 70000.. 70100.. 70200.. 70300.. 70400.. 70500.. 70600.. 70700.. 70800.. 70900.. 71000.. 71100.. 71200.. 71300.. 71400.. 71500.. 71600.. 71700.. 71800.. 71900.. 72000.. 72100.. 72200.. 72300.. 72400.. 72500.. 72600.. 72700.. 72800.. 72900.. 73000.. 73100.. 73200.. 73300.. 73400.. 73500.. 73600.. 73700.. 73800.. 73900.. 74000.. 74100.. 74200.. 74300.. 74400.. 74500.. 74600.. 74700.. 74800.. 74900.. 75000.. 75100.. 75200.. 75300.. 75400.. 75500.. 75600.. 75700.. 75800.. 75900.. 76000.. 76100.. 76200.. 76300.. 76400.. 76500.. 76600.. 76700.. 76800.. 76900.. 77000.. 77100.. 77200.. 77300.. 77400.. 77500.. 77600.. 77700.. 77800.. 77900.. 78000.. 78100.. 78200.. 78300.. 78400.. 78500.. 78600.. 78700.. 78800.. 78900.. 79000.. 79100.. 79200.. 79300.. 79400.. 79500.. 79600.. 79700.. 79800.. 79900.. 80000.. 80100.. 80200.. 80300.. 80400.. 80500.. 80600.. 80700.. 80800.. 80900.. 81000.. 81100.. 81200.. 81300.. 81400.. 81500.. 81600.. 81700.. 81800.. 81900.. 82000.. 82100.. 82200.. 82300.. 82400.. 82500.. 82600.. 82700.. 82800.. 82900.. 83000.. 83100.. 83200.. 83300.. 83400.. 83500.. 83600.. 83700.. 83800.. 83900.. 84000.. 84100.. 84200.. 84300.. 84400.. 84500.. 84600.. 84700.. 84800.. 84900.. 85000.. 85100.. 85200.. 85300.. 85400.. 85500.. 85600.. 85700.. 85800.. 85900.. 86000.. 86100.. 86200.. 86300.. 86400.. 86500.. 86600.. 86700.. 86800.. 86900.. 
Done!86.27 s

Number of sentences: 86918
Number of features:  4336468
Number of thread(s): 1
Freq:                3
eta:                 0.00010
C:                   4.00000
shrinking size:      20
iter=0 terr=0.69015 serr=1.00000 act=4336468 obj=5615142.33459 diff=1.00000
iter=1 terr=0.42524 serr=0.99211 act=4336468 obj=4455762.93959 diff=0.20647
iter=2 terr=0.34052 serr=0.98701 act=4336468 obj=2645579.09150 diff=0.40626
iter=3 terr=0.32337 serr=0.98552 act=4336468 obj=2200094.53245 diff=0.16839
iter=4 terr=0.53436 serr=0.99338 act=4336468 obj=1998350.62646 diff=0.09170
iter=5 terr=0.35815 serr=0.98565 act=4336468 obj=1768872.36181 diff=0.11483
iter=6 terr=0.35133 serr=0.98500 act=4336468 obj=1681415.07226 diff=0.04944
iter=7 terr=0.27142 serr=0.97551 act=4336468 obj=1504472.09171 diff=0.10523
iter=8 terr=0.26978 serr=0.97129 act=4336468 obj=1365098.60881 diff=0.09264
iter=9 terr=0.25987 serr=0.96739 act=4336468 obj=1247308.75431 diff=0.08629
iter=10 terr=0.24228 serr=0.96264 act=4336468 obj=1178333.66509 diff=0.05530
iter=11 terr=0.21657 serr=0.95398 act=4336468 obj=1158651.56723 diff=0.01670
iter=12 terr=0.21430 serr=0.95072 act=4336468 obj=1105562.80838 diff=0.04582
iter=13 terr=0.21096 serr=0.95091 act=4336468 obj=1087128.89623 diff=0.01667
iter=14 terr=0.20764 serr=0.94878 act=4336468 obj=1074646.59663 diff=0.01148
iter=15 terr=0.19564 serr=0.94002 act=4336468 obj=1008065.24765 diff=0.06196
iter=16 terr=0.18523 serr=0.93633 act=4336468 obj=999255.66595 diff=0.00874
iter=17 terr=0.18051 serr=0.92897 act=4336468 obj=959168.43249 diff=0.04012
iter=18 terr=0.18004 serr=0.92691 act=4336468 obj=944185.24686 diff=0.01562
iter=19 terr=0.17733 serr=0.92133 act=4336468 obj=907112.72049 diff=0.03926
iter=20 terr=0.17114 serr=0.91433 act=4336468 obj=883301.87624 diff=0.02625
iter=21 terr=0.19134 serr=0.93446 act=4336468 obj=980731.61681 diff=0.11030
iter=22 terr=0.16604 serr=0.90890 act=4336468 obj=871516.39423 diff=0.11136
iter=23 terr=0.15883 serr=0.90179 act=4336468 obj=856822.43693 diff=0.01686
iter=24 terr=0.15564 serr=0.89831 act=4336468 obj=843650.07587 diff=0.01537
iter=25 terr=0.15149 serr=0.89151 act=4336468 obj=811751.56783 diff=0.03781
iter=26 terr=0.15066 serr=0.89208 act=4336468 obj=791605.80143 diff=0.02482
iter=27 terr=0.14500 serr=0.88348 act=4336468 obj=767953.34071 diff=0.02988
iter=28 terr=0.14228 serr=0.87740 act=4336468 obj=752934.11784 diff=0.01956
iter=29 terr=0.14085 serr=0.87715 act=4336468 obj=742550.22401 diff=0.01379
iter=30 terr=0.13833 serr=0.87245 act=4336468 obj=730609.93324 diff=0.01608
iter=31 terr=0.13537 serr=0.86823 act=4336468 obj=716099.26086 diff=0.01986
iter=32 terr=0.13094 serr=0.86020 act=4336468 obj=692592.64279 diff=0.03283
iter=33 terr=0.12971 serr=0.86071 act=4336468 obj=693565.95460 diff=0.00141
iter=34 terr=0.12790 serr=0.85659 act=4336468 obj=681761.27618 diff=0.01702
iter=35 terr=0.12486 serr=0.84934 act=4336468 obj=665324.22284 diff=0.02411
iter=36 terr=0.12324 serr=0.84516 act=4336468 obj=655736.35121 diff=0.01441
iter=37 terr=0.12023 serr=0.83735 act=4336468 obj=637769.61826 diff=0.02740
iter=38 terr=0.11754 serr=0.82643 act=4336468 obj=632892.29083 diff=0.00765
iter=39 terr=0.11460 serr=0.82188 act=4336468 obj=611691.04417 diff=0.03350
iter=40 terr=0.11363 serr=0.81950 act=4336468 obj=605937.93055 diff=0.00941
iter=41 terr=0.11183 serr=0.81537 act=4336468 obj=596517.59858 diff=0.01555
iter=42 terr=0.10951 serr=0.80836 act=4336468 obj=585141.77956 diff=0.01907
iter=43 terr=0.10612 serr=0.79922 act=4336468 obj=571607.44818 diff=0.02313
iter=44 terr=0.10444 serr=0.79399 act=4336468 obj=563170.32062 diff=0.01476
iter=45 terr=0.10227 serr=0.78576 act=4336468 obj=552638.09532 diff=0.01870
iter=46 terr=0.12710 serr=0.84503 act=4336468 obj=644795.61149 diff=0.16676
iter=47 terr=0.10213 serr=0.78578 act=4336468 obj=549989.82020 diff=0.14703
iter=48 terr=0.10132 serr=0.78209 act=4336468 obj=545750.58461 diff=0.00771
iter=49 terr=0.09968 serr=0.77671 act=4336468 obj=538731.18139 diff=0.01286
iter=50 terr=0.09767 serr=0.76941 act=4336468 obj=530106.64392 diff=0.01601
iter=51 terr=0.09629 serr=0.76394 act=4336468 obj=525108.00602 diff=0.00943
iter=52 terr=0.09507 serr=0.76022 act=4336468 obj=519285.31722 diff=0.01109
iter=53 terr=0.09464 serr=0.75884 act=4336468 obj=514917.95582 diff=0.00841
iter=54 terr=0.09385 serr=0.75651 act=4336468 obj=510112.79243 diff=0.00933
iter=55 terr=0.09325 serr=0.75419 act=4336468 obj=504791.33228 diff=0.01043
iter=56 terr=0.09201 serr=0.74914 act=4336468 obj=498299.03342 diff=0.01286
iter=57 terr=0.09061 serr=0.74352 act=4336468 obj=491258.35801 diff=0.01413
iter=58 terr=0.08956 serr=0.73890 act=4336468 obj=485944.71341 diff=0.01082
iter=59 terr=0.08771 serr=0.73134 act=4336468 obj=476449.41742 diff=0.01954
iter=60 terr=0.08926 serr=0.73954 act=4336468 obj=486271.80017 diff=0.02062
iter=61 terr=0.08547 serr=0.72321 act=4336468 obj=467252.84695 diff=0.03911
iter=62 terr=0.08257 serr=0.71050 act=4336468 obj=451779.23186 diff=0.03312
iter=63 terr=0.08449 serr=0.71807 act=4336468 obj=455305.72630 diff=0.00781
iter=64 terr=0.08200 serr=0.70883 act=4336468 obj=447185.54878 diff=0.01783
iter=65 terr=0.08114 serr=0.70460 act=4336468 obj=442500.45435 diff=0.01048
iter=66 terr=0.08006 serr=0.69979 act=4336468 obj=437379.08270 diff=0.01157
iter=67 terr=0.07865 serr=0.69211 act=4336468 obj=429706.65126 diff=0.01754
iter=68 terr=0.07710 serr=0.68689 act=4336468 obj=421288.68311 diff=0.01959
iter=69 terr=0.07626 serr=0.68325 act=4336468 obj=416752.81300 diff=0.01077
iter=70 terr=0.07545 serr=0.67874 act=4336468 obj=410129.13672 diff=0.01589
iter=71 terr=0.07448 serr=0.67518 act=4336468 obj=406371.49712 diff=0.00916
iter=72 terr=0.07392 serr=0.67267 act=4336468 obj=403585.63982 diff=0.00686
iter=73 terr=0.07196 serr=0.66374 act=4336468 obj=395228.25432 diff=0.02071
iter=74 terr=0.07126 serr=0.66019 act=4336468 obj=391288.73262 diff=0.00997
iter=75 terr=0.07120 serr=0.65922 act=4336468 obj=388431.02071 diff=0.00730
iter=76 terr=0.06967 serr=0.65145 act=4336468 obj=382738.78130 diff=0.01465
iter=77 terr=0.06892 serr=0.64778 act=4336468 obj=379435.11094 diff=0.00863
iter=78 terr=0.06806 serr=0.64253 act=4336468 obj=374408.79653 diff=0.01325
iter=79 terr=0.06772 serr=0.64036 act=4336468 obj=371676.40405 diff=0.00730
iter=80 terr=0.06638 serr=0.63347 act=4336468 obj=365131.90429 diff=0.01761
iter=81 terr=0.06594 serr=0.63096 act=4336468 obj=362211.27454 diff=0.00800
iter=82 terr=0.06534 serr=0.62847 act=4336468 obj=358841.47726 diff=0.00930
iter=83 terr=0.06443 serr=0.62281 act=4336468 obj=354805.64295 diff=0.01125
iter=84 terr=0.06351 serr=0.61817 act=4336468 obj=350467.96093 diff=0.01223
iter=85 terr=0.06245 serr=0.61278 act=4336468 obj=345297.45105 diff=0.01475
iter=86 terr=0.06061 serr=0.60204 act=4336468 obj=335796.36681 diff=0.02752
iter=87 terr=0.05990 serr=0.59634 act=4336468 obj=329978.61996 diff=0.01733
iter=88 terr=0.05876 serr=0.59058 act=4336468 obj=324610.77411 diff=0.01627
iter=89 terr=0.05766 serr=0.58494 act=4336468 obj=321332.79364 diff=0.01010
iter=90 terr=0.05753 serr=0.58381 act=4336468 obj=319757.23125 diff=0.00490
iter=91 terr=0.05735 serr=0.58239 act=4336468 obj=318784.01314 diff=0.00304
iter=92 terr=0.05666 serr=0.57866 act=4336468 obj=315664.68698 diff=0.00979
iter=93 terr=0.05608 serr=0.57540 act=4336468 obj=312924.69150 diff=0.00868
iter=94 terr=0.05501 serr=0.56933 act=4336468 obj=308128.39337 diff=0.01533
iter=95 terr=0.05485 serr=0.56594 act=4336468 obj=304559.71976 diff=0.01158
iter=96 terr=0.05305 serr=0.55491 act=4336468 obj=297837.74770 diff=0.02207
iter=97 terr=0.05248 serr=0.55100 act=4336468 obj=295085.80404 diff=0.00924
iter=98 terr=0.05215 serr=0.54847 act=4336468 obj=293264.34802 diff=0.00617
iter=99 terr=0.05163 serr=0.54516 act=4336468 obj=289790.56475 diff=0.01185
iter=100 terr=0.05052 serr=0.53880 act=4336468 obj=283894.32197 diff=0.02035
iter=101 terr=0.04972 serr=0.53353 act=4336468 obj=278979.07030 diff=0.01731
iter=102 terr=0.04859 serr=0.52489 act=4336468 obj=274732.24107 diff=0.01522
iter=103 terr=0.04809 serr=0.52021 act=4336468 obj=272749.00893 diff=0.00722
iter=104 terr=0.04778 serr=0.51873 act=4336468 obj=271565.11138 diff=0.00434
iter=105 terr=0.04698 serr=0.51237 act=4336468 obj=267367.18182 diff=0.01546
iter=106 terr=0.04656 serr=0.50973 act=4336468 obj=264752.84332 diff=0.00978
iter=107 terr=0.04588 serr=0.50538 act=4336468 obj=261195.81110 diff=0.01344
iter=108 terr=0.04555 serr=0.50260 act=4336468 obj=259485.33836 diff=0.00655
iter=109 terr=0.04495 serr=0.49806 act=4336468 obj=256927.75731 diff=0.00986
iter=110 terr=0.04686 serr=0.51009 act=4336468 obj=263958.74538 diff=0.02737
iter=111 terr=0.04487 serr=0.49705 act=4336468 obj=255533.47035 diff=0.03192
iter=112 terr=0.04392 serr=0.49164 act=4336468 obj=252302.72255 diff=0.01264
iter=113 terr=0.04358 serr=0.48896 act=4336468 obj=250624.29618 diff=0.00665
iter=114 terr=0.04322 serr=0.48577 act=4336468 obj=248846.16795 diff=0.00709
iter=115 terr=0.04307 serr=0.48445 act=4336468 obj=248368.08477 diff=0.00192
iter=116 terr=0.04245 serr=0.47990 act=4336468 obj=245181.06642 diff=0.01283
iter=117 terr=0.04207 serr=0.47629 act=4336468 obj=242629.53558 diff=0.01041
iter=118 terr=0.04127 serr=0.46886 act=4336468 obj=239046.67029 diff=0.01477
iter=119 terr=0.04136 serr=0.46990 act=4336468 obj=237944.37519 diff=0.00461
iter=120 terr=0.04052 serr=0.46493 act=4336468 obj=235518.81336 diff=0.01019
iter=121 terr=0.04008 serr=0.46168 act=4336468 obj=234214.01143 diff=0.00554
iter=122 terr=0.03961 serr=0.45824 act=4336468 obj=232561.04896 diff=0.00706
iter=123 terr=0.03906 serr=0.45482 act=4336468 obj=230085.01645 diff=0.01065
iter=124 terr=0.03884 serr=0.45337 act=4336468 obj=228132.06919 diff=0.00849
iter=125 terr=0.03875 serr=0.45266 act=4336468 obj=226723.68561 diff=0.00617
iter=126 terr=0.03867 serr=0.45174 act=4336468 obj=225914.76624 diff=0.00357
iter=127 terr=0.03846 serr=0.44987 act=4336468 obj=223897.07528 diff=0.00893
iter=128 terr=0.03778 serr=0.44433 act=4336468 obj=220985.53349 diff=0.01300
iter=129 terr=0.03855 serr=0.44788 act=4336468 obj=223825.59054 diff=0.01285
iter=130 terr=0.03763 serr=0.44203 act=4336468 obj=219656.44580 diff=0.01863
iter=131 terr=0.03699 serr=0.43701 act=4336468 obj=217662.05800 diff=0.00908
iter=132 terr=0.03656 serr=0.43388 act=4336468 obj=216496.38825 diff=0.00536
iter=133 terr=0.03613 serr=0.43044 act=4336468 obj=214768.50902 diff=0.00798
iter=134 terr=0.03546 serr=0.42573 act=4336468 obj=212098.07556 diff=0.01243
iter=135 terr=0.03492 serr=0.42133 act=4336468 obj=208199.52422 diff=0.01838
iter=136 terr=0.03479 serr=0.41998 act=4336468 obj=205964.87263 diff=0.01073
iter=137 terr=0.03449 serr=0.41667 act=4336468 obj=204035.25132 diff=0.00937
iter=138 terr=0.03415 serr=0.41357 act=4336468 obj=202449.09561 diff=0.00777
iter=139 terr=0.03365 serr=0.40864 act=4336468 obj=200435.75691 diff=0.00994
iter=140 terr=0.03374 serr=0.40796 act=4336468 obj=199878.76140 diff=0.00278
iter=141 terr=0.03294 serr=0.40191 act=4336468 obj=197349.23108 diff=0.01266
iter=142 terr=0.03265 serr=0.40017 act=4336468 obj=196292.17548 diff=0.00536
iter=143 terr=0.03225 serr=0.39673 act=4336468 obj=194669.10032 diff=0.00827
iter=144 terr=0.03224 serr=0.39687 act=4336468 obj=193281.30240 diff=0.00713
iter=145 terr=0.03191 serr=0.39465 act=4336468 obj=192113.64989 diff=0.00604
iter=146 terr=0.03174 serr=0.39283 act=4336468 obj=191348.49564 diff=0.00398
iter=147 terr=0.03156 serr=0.39113 act=4336468 obj=190434.84347 diff=0.00477
iter=148 terr=0.03138 serr=0.38940 act=4336468 obj=188851.22612 diff=0.00832
iter=149 terr=0.03091 serr=0.38802 act=4336468 obj=187924.45298 diff=0.00491
iter=150 terr=0.03091 serr=0.38710 act=4336468 obj=186646.85158 diff=0.00680
iter=151 terr=0.03088 serr=0.38623 act=4336468 obj=185885.18514 diff=0.00408
iter=152 terr=0.03076 serr=0.38485 act=4336468 obj=184788.20365 diff=0.00590
iter=153 terr=0.03030 serr=0.37982 act=4336468 obj=182166.40868 diff=0.01419
iter=154 terr=0.02966 serr=0.37388 act=4336468 obj=179742.28730 diff=0.01331
iter=155 terr=0.02984 serr=0.37386 act=4336468 obj=179379.77475 diff=0.00202
iter=156 terr=0.02902 serr=0.36797 act=4336468 obj=177242.50887 diff=0.01191
iter=157 terr=0.02883 serr=0.36625 act=4336468 obj=176666.05846 diff=0.00325
iter=158 terr=0.02828 serr=0.36142 act=4336468 obj=174733.67385 diff=0.01094
iter=159 terr=0.02788 serr=0.35777 act=4336468 obj=173246.05436 diff=0.00851
iter=160 terr=0.02822 serr=0.35964 act=4336468 obj=172567.82950 diff=0.00391
iter=161 terr=0.02781 serr=0.35627 act=4336468 obj=171234.19555 diff=0.00773
iter=162 terr=0.02755 serr=0.35389 act=4336468 obj=170330.76123 diff=0.00528
iter=163 terr=0.02714 serr=0.35062 act=4336468 obj=168989.99251 diff=0.00787
iter=164 terr=0.02686 serr=0.34770 act=4336468 obj=167508.04263 diff=0.00877
iter=165 terr=0.02667 serr=0.34798 act=4336468 obj=167150.51631 diff=0.00213
iter=166 terr=0.02655 serr=0.34544 act=4336468 obj=165478.42759 diff=0.01000
iter=167 terr=0.02653 serr=0.34488 act=4336468 obj=164813.52876 diff=0.00402
iter=168 terr=0.02628 serr=0.34202 act=4336468 obj=163403.96088 diff=0.00855
iter=169 terr=0.02606 serr=0.34042 act=4336468 obj=162262.99939 diff=0.00698
iter=170 terr=0.02589 serr=0.33956 act=4336468 obj=161240.62138 diff=0.00630
iter=171 terr=0.02547 serr=0.33574 act=4336468 obj=159785.25105 diff=0.00903
iter=172 terr=0.02514 serr=0.33247 act=4336468 obj=158470.69622 diff=0.00823
iter=173 terr=0.02556 serr=0.33537 act=4336468 obj=158255.80029 diff=0.00136
iter=174 terr=0.02482 serr=0.32872 act=4336468 obj=156192.92429 diff=0.01304
iter=175 terr=0.02479 serr=0.32836 act=4336468 obj=155906.20645 diff=0.00184
iter=176 terr=0.02436 serr=0.32393 act=4336468 obj=153850.82507 diff=0.01318
iter=177 terr=0.02381 serr=0.31807 act=4336468 obj=152174.76934 diff=0.01089
iter=178 terr=0.02361 serr=0.31723 act=4336468 obj=150060.74716 diff=0.01389
iter=179 terr=0.02350 serr=0.31565 act=4336468 obj=149530.29795 diff=0.00353
iter=180 terr=0.02303 serr=0.31082 act=4336468 obj=147520.91815 diff=0.01344
iter=181 terr=0.02383 serr=0.31563 act=4336468 obj=148985.69181 diff=0.00993
iter=182 terr=0.02309 serr=0.31078 act=4336468 obj=146976.76703 diff=0.01348
iter=183 terr=0.02279 serr=0.30761 act=4336468 obj=146007.87354 diff=0.00659
iter=184 terr=0.02255 serr=0.30529 act=4336468 obj=145012.04414 diff=0.00682
iter=185 terr=0.02234 serr=0.30378 act=4336468 obj=144326.47265 diff=0.00473
iter=186 terr=0.02245 serr=0.30538 act=4336468 obj=143798.35794 diff=0.00366
iter=187 terr=0.02230 serr=0.30344 act=4336468 obj=143266.94839 diff=0.00370
iter=188 terr=0.02214 serr=0.30127 act=4336468 obj=142482.68502 diff=0.00547
iter=189 terr=0.02192 serr=0.29905 act=4336468 obj=141742.30454 diff=0.00520
iter=190 terr=0.02228 serr=0.30020 act=4336468 obj=141659.76938 diff=0.00058
iter=191 terr=0.02182 serr=0.29717 act=4336468 obj=140505.48714 diff=0.00815
iter=192 terr=0.02167 serr=0.29613 act=4336468 obj=140062.57354 diff=0.00315
iter=193 terr=0.02152 serr=0.29440 act=4336468 obj=139608.83238 diff=0.00324
iter=194 terr=0.02154 serr=0.29500 act=4336468 obj=139033.32972 diff=0.00412
iter=195 terr=0.02135 serr=0.29263 act=4336468 obj=138056.77759 diff=0.00702
iter=196 terr=0.02095 serr=0.28732 act=4336468 obj=136444.95188 diff=0.01168
iter=197 terr=0.02078 serr=0.28609 act=4336468 obj=135847.43824 diff=0.00438
iter=198 terr=0.02115 serr=0.28890 act=4336468 obj=136220.78686 diff=0.00275
iter=199 terr=0.02081 serr=0.28563 act=4336468 obj=135580.59963 diff=0.00470
iter=200 terr=0.02065 serr=0.28477 act=4336468 obj=135222.52993 diff=0.00264
iter=201 terr=0.02051 serr=0.28324 act=4336468 obj=134603.04717 diff=0.00458
iter=202 terr=0.02033 serr=0.28178 act=4336468 obj=133753.41304 diff=0.00631
iter=203 terr=0.02001 serr=0.27875 act=4336468 obj=133038.51955 diff=0.00534
iter=204 terr=0.01996 serr=0.27855 act=4336468 obj=132016.70078 diff=0.00768
iter=205 terr=0.01989 serr=0.27762 act=4336468 obj=131431.12650 diff=0.00444
iter=206 terr=0.01967 serr=0.27498 act=4336468 obj=130308.99470 diff=0.00854
iter=207 terr=0.01958 serr=0.27548 act=4336468 obj=130555.92015 diff=0.00189
iter=208 terr=0.01945 serr=0.27351 act=4336468 obj=129695.70859 diff=0.00659
iter=209 terr=0.01926 serr=0.27046 act=4336468 obj=128549.37170 diff=0.00884
iter=210 terr=0.01917 serr=0.26904 act=4336468 obj=127899.24990 diff=0.00506
iter=211 terr=0.01892 serr=0.26563 act=4336468 obj=127778.76584 diff=0.00094
iter=212 terr=0.01895 serr=0.26634 act=4336468 obj=127094.65065 diff=0.00535
iter=213 terr=0.01894 serr=0.26633 act=4336468 obj=126893.47252 diff=0.00158
iter=214 terr=0.01889 serr=0.26623 act=4336468 obj=126302.93386 diff=0.00465
iter=215 terr=0.01868 serr=0.26464 act=4336468 obj=125831.79210 diff=0.00373
iter=216 terr=0.01877 serr=0.26471 act=4336468 obj=125498.90882 diff=0.00265
iter=217 terr=0.01862 serr=0.26301 act=4336468 obj=125163.44775 diff=0.00267
iter=218 terr=0.01831 serr=0.25973 act=4336468 obj=124541.89704 diff=0.00497
iter=219 terr=0.01815 serr=0.25802 act=4336468 obj=123850.81803 diff=0.00555
iter=220 terr=0.01809 serr=0.25732 act=4336468 obj=123095.06702 diff=0.00610
iter=221 terr=0.01805 serr=0.25758 act=4336468 obj=122305.05871 diff=0.00642
iter=222 terr=0.01800 serr=0.25704 act=4336468 obj=121741.30760 diff=0.00461
iter=223 terr=0.01784 serr=0.25547 act=4336468 obj=121102.83481 diff=0.00524
iter=224 terr=0.01778 serr=0.25481 act=4336468 obj=120799.71994 diff=0.00250
iter=225 terr=0.01767 serr=0.25376 act=4336468 obj=120505.28891 diff=0.00244
iter=226 terr=0.01747 serr=0.25112 act=4336468 obj=119866.20369 diff=0.00530
iter=227 terr=0.01730 serr=0.25041 act=4336468 obj=119496.59329 diff=0.00308
iter=228 terr=0.01731 serr=0.25013 act=4336468 obj=119137.65093 diff=0.00300
iter=229 terr=0.01735 serr=0.25029 act=4336468 obj=118816.18004 diff=0.00270
iter=230 terr=0.01734 serr=0.24991 act=4336468 obj=118521.36755 diff=0.00248
iter=231 terr=0.01711 serr=0.24672 act=4336468 obj=117633.04715 diff=0.00750
iter=232 terr=0.01858 serr=0.26250 act=4336468 obj=122108.94680 diff=0.03805
iter=233 terr=0.01712 serr=0.24737 act=4336468 obj=117382.37800 diff=0.03871
iter=234 terr=0.01690 serr=0.24489 act=4336468 obj=116748.66888 diff=0.00540
iter=235 terr=0.01670 serr=0.24247 act=4336468 obj=116127.75291 diff=0.00532
iter=236 terr=0.01650 serr=0.24147 act=4336468 obj=116064.92149 diff=0.00054
iter=237 terr=0.01650 serr=0.24096 act=4336468 obj=115824.85204 diff=0.00207
iter=238 terr=0.01651 serr=0.24053 act=4336468 obj=115517.46457 diff=0.00265
iter=239 terr=0.01647 serr=0.23989 act=4336468 obj=115177.13254 diff=0.00295
iter=240 terr=0.01639 serr=0.23879 act=4336468 obj=114587.91843 diff=0.00512
iter=241 terr=0.01627 serr=0.23801 act=4336468 obj=113952.05967 diff=0.00555
iter=242 terr=0.01610 serr=0.23521 act=4336468 obj=113588.24742 diff=0.00319
iter=243 terr=0.01610 serr=0.23521 act=4336468 obj=113195.57492 diff=0.00346
iter=244 terr=0.01595 serr=0.23405 act=4336468 obj=112874.58847 diff=0.00284
iter=245 terr=0.01591 serr=0.23317 act=4336468 obj=112606.49803 diff=0.00238
iter=246 terr=0.01571 serr=0.23068 act=4336468 obj=111806.77683 diff=0.00710
iter=247 terr=0.01563 serr=0.22969 act=4336468 obj=110775.16853 diff=0.00923
iter=248 terr=0.01531 serr=0.22660 act=4336468 obj=110085.19585 diff=0.00623
iter=249 terr=0.01517 serr=0.22527 act=4336468 obj=109662.56962 diff=0.00384
iter=250 terr=0.01542 serr=0.23018 act=4336468 obj=110078.46679 diff=0.00379
iter=251 terr=0.01518 serr=0.22597 act=4336468 obj=109355.81501 diff=0.00656
iter=252 terr=0.01497 serr=0.22361 act=4336468 obj=108856.50779 diff=0.00457
iter=253 terr=0.01492 serr=0.22269 act=4336468 obj=108485.62112 diff=0.00341
iter=254 terr=0.01463 serr=0.21983 act=4336468 obj=107909.36551 diff=0.00531
iter=255 terr=0.01463 serr=0.21905 act=4336468 obj=107392.44954 diff=0.00479
iter=256 terr=0.01454 serr=0.21801 act=4336468 obj=107008.47400 diff=0.00358
iter=257 terr=0.01433 serr=0.21518 act=4336468 obj=106361.03702 diff=0.00605
iter=258 terr=0.01423 serr=0.21470 act=4336468 obj=105800.59824 diff=0.00527
iter=259 terr=0.01408 serr=0.21280 act=4336468 obj=105374.82392 diff=0.00402
iter=260 terr=0.01400 serr=0.21215 act=4336468 obj=104882.69550 diff=0.00467
iter=261 terr=0.01400 serr=0.21177 act=4336468 obj=104456.10537 diff=0.00407
iter=262 terr=0.01359 serr=0.20829 act=4336468 obj=103797.08091 diff=0.00631
iter=263 terr=0.01374 serr=0.20967 act=4336468 obj=103184.62381 diff=0.00590
iter=264 terr=0.01365 serr=0.20843 act=4336468 obj=102958.60368 diff=0.00219
iter=265 terr=0.01346 serr=0.20569 act=4336468 obj=102412.22781 diff=0.00531
iter=266 terr=0.01330 serr=0.20466 act=4336468 obj=102100.49378 diff=0.00304
iter=267 terr=0.01325 serr=0.20364 act=4336468 obj=101689.19713 diff=0.00403
iter=268 terr=0.01319 serr=0.20272 act=4336468 obj=101322.99346 diff=0.00360
iter=269 terr=0.01318 serr=0.20236 act=4336468 obj=101153.75014 diff=0.00167
iter=270 terr=0.01302 serr=0.20083 act=4336468 obj=100688.43652 diff=0.00460
iter=271 terr=0.01327 serr=0.20438 act=4336468 obj=100801.99854 diff=0.00113
iter=272 terr=0.01307 serr=0.20134 act=4336468 obj=100425.67663 diff=0.00373
iter=273 terr=0.01295 serr=0.20029 act=4336468 obj=100025.73275 diff=0.00398
iter=274 terr=0.01260 serr=0.19617 act=4336468 obj=99127.34220 diff=0.00898
iter=275 terr=0.01249 serr=0.19491 act=4336468 obj=98799.39332 diff=0.00331
iter=276 terr=0.01235 serr=0.19357 act=4336468 obj=98133.44838 diff=0.00674
iter=277 terr=0.01213 serr=0.19082 act=4336468 obj=97272.50200 diff=0.00877
iter=278 terr=0.01208 serr=0.19040 act=4336468 obj=97463.99075 diff=0.00197
iter=279 terr=0.01197 serr=0.18873 act=4336468 obj=96853.98995 diff=0.00626
iter=280 terr=0.01216 serr=0.19025 act=4336468 obj=96621.17619 diff=0.00240
iter=281 terr=0.01199 serr=0.18871 act=4336468 obj=96389.41773 diff=0.00240
iter=282 terr=0.01188 serr=0.18746 act=4336468 obj=96204.82129 diff=0.00192
iter=283 terr=0.01180 serr=0.18645 act=4336468 obj=95947.49388 diff=0.00267
iter=284 terr=0.01162 serr=0.18369 act=4336468 obj=95386.09815 diff=0.00585
iter=285 terr=0.01148 serr=0.18287 act=4336468 obj=94740.60851 diff=0.00677
iter=286 terr=0.01142 serr=0.18109 act=4336468 obj=94478.91709 diff=0.00276
iter=287 terr=0.01136 serr=0.18063 act=4336468 obj=94081.60076 diff=0.00421
iter=288 terr=0.01125 serr=0.17939 act=4336468 obj=93898.61458 diff=0.00194
iter=289 terr=0.01133 serr=0.17986 act=4336468 obj=93768.04780 diff=0.00139
iter=290 terr=0.01118 serr=0.17804 act=4336468 obj=93594.01497 diff=0.00186
iter=291 terr=0.01107 serr=0.17678 act=4336468 obj=93369.70137 diff=0.00240
iter=292 terr=0.01097 serr=0.17552 act=4336468 obj=93065.63882 diff=0.00326
iter=293 terr=0.01084 serr=0.17441 act=4336468 obj=92735.96312 diff=0.00354
iter=294 terr=0.01088 serr=0.17495 act=4336468 obj=92513.92238 diff=0.00239
iter=295 terr=0.01085 serr=0.17470 act=4336468 obj=92379.65980 diff=0.00145
iter=296 terr=0.01069 serr=0.17219 act=4336468 obj=91908.03047 diff=0.00511
iter=297 terr=0.01087 serr=0.17465 act=4336468 obj=91673.91951 diff=0.00255
iter=298 terr=0.01049 serr=0.16984 act=4336468 obj=91018.32761 diff=0.00715
iter=299 terr=0.01030 serr=0.16722 act=4336468 obj=90675.77099 diff=0.00376
iter=300 terr=0.01018 serr=0.16520 act=4336468 obj=90382.82729 diff=0.00323
iter=301 terr=0.00996 serr=0.16251 act=4336468 obj=89947.09974 diff=0.00482
iter=302 terr=0.01014 serr=0.16402 act=4336468 obj=89622.86445 diff=0.00360
iter=303 terr=0.00986 serr=0.16121 act=4336468 obj=89091.63754 diff=0.00593
iter=304 terr=0.00977 serr=0.15996 act=4336468 obj=88977.83644 diff=0.00128
iter=305 terr=0.00973 serr=0.15945 act=4336468 obj=88825.70705 diff=0.00171
iter=306 terr=0.00959 serr=0.15714 act=4336468 obj=88554.28727 diff=0.00306
iter=307 terr=0.00962 serr=0.15790 act=4336468 obj=88265.02224 diff=0.00327
iter=308 terr=0.00963 serr=0.15768 act=4336468 obj=88104.53697 diff=0.00182
iter=309 terr=0.00959 serr=0.15721 act=4336468 obj=87961.79793 diff=0.00162
iter=310 terr=0.00971 serr=0.15821 act=4336468 obj=87819.41330 diff=0.00162
iter=311 terr=0.00955 serr=0.15650 act=4336468 obj=87603.32707 diff=0.00246
iter=312 terr=0.00938 serr=0.15454 act=4336468 obj=87348.69904 diff=0.00291
iter=313 terr=0.00933 serr=0.15400 act=4336468 obj=87253.12165 diff=0.00109
iter=314 terr=0.00924 serr=0.15258 act=4336468 obj=87040.42785 diff=0.00244
iter=315 terr=0.00922 serr=0.15260 act=4336468 obj=86768.04107 diff=0.00313
iter=316 terr=0.00914 serr=0.15169 act=4336468 obj=86614.82678 diff=0.00177
iter=317 terr=0.00923 serr=0.15249 act=4336468 obj=86455.38821 diff=0.00184
iter=318 terr=0.00921 serr=0.15228 act=4336468 obj=86319.10932 diff=0.00158
iter=319 terr=0.00905 serr=0.15044 act=4336468 obj=85836.92819 diff=0.00559
iter=320 terr=0.00892 serr=0.14836 act=4336468 obj=85363.63496 diff=0.00551
iter=321 terr=0.00882 serr=0.14798 act=4336468 obj=85289.02944 diff=0.00087
iter=322 terr=0.00875 serr=0.14655 act=4336468 obj=85043.90759 diff=0.00287
iter=323 terr=0.00873 serr=0.14598 act=4336468 obj=84968.58003 diff=0.00089
iter=324 terr=0.00869 serr=0.14527 act=4336468 obj=84812.13553 diff=0.00184
iter=325 terr=0.00868 serr=0.14486 act=4336468 obj=84644.29734 diff=0.00198
iter=326 terr=0.00844 serr=0.14201 act=4336468 obj=84868.60770 diff=0.00265
iter=327 terr=0.00855 serr=0.14354 act=4336468 obj=84555.43424 diff=0.00369
iter=328 terr=0.00855 serr=0.14333 act=4336468 obj=84386.56520 diff=0.00200
iter=329 terr=0.00853 serr=0.14300 act=4336468 obj=84211.48565 diff=0.00207
iter=330 terr=0.00850 serr=0.14231 act=4336468 obj=84011.79120 diff=0.00237
iter=331 terr=0.00839 serr=0.14156 act=4336468 obj=83870.50063 diff=0.00168
iter=332 terr=0.00832 serr=0.14007 act=4336468 obj=83613.87772 diff=0.00306
iter=333 terr=0.00826 serr=0.13891 act=4336468 obj=83464.12482 diff=0.00179
iter=334 terr=0.00821 serr=0.13798 act=4336468 obj=83275.44285 diff=0.00226
iter=335 terr=0.00814 serr=0.13723 act=4336468 obj=83072.12374 diff=0.00244
iter=336 terr=0.00801 serr=0.13573 act=4336468 obj=82883.38980 diff=0.00227
iter=337 terr=0.00810 serr=0.13726 act=4336468 obj=82749.38182 diff=0.00162
iter=338 terr=0.00801 serr=0.13613 act=4336468 obj=82618.59950 diff=0.00158
iter=339 terr=0.00789 serr=0.13417 act=4336468 obj=82468.25153 diff=0.00182
iter=340 terr=0.00787 serr=0.13377 act=4336468 obj=82376.49790 diff=0.00111
iter=341 terr=0.00782 serr=0.13328 act=4336468 obj=82187.65471 diff=0.00229
iter=342 terr=0.00786 serr=0.13303 act=4336468 obj=82353.09361 diff=0.00201
iter=343 terr=0.00777 serr=0.13241 act=4336468 obj=82087.72259 diff=0.00322
iter=344 terr=0.00775 serr=0.13257 act=4336468 obj=81984.09366 diff=0.00126
iter=345 terr=0.00770 serr=0.13192 act=4336468 obj=81871.57149 diff=0.00137
iter=346 terr=0.00781 serr=0.13363 act=4336468 obj=81828.00456 diff=0.00053
iter=347 terr=0.00771 serr=0.13209 act=4336468 obj=81706.41423 diff=0.00149
iter=348 terr=0.00758 serr=0.13009 act=4336468 obj=81578.27547 diff=0.00157
iter=349 terr=0.00752 serr=0.12936 act=4336468 obj=81487.09831 diff=0.00112
iter=350 terr=0.00750 serr=0.12911 act=4336468 obj=81366.76696 diff=0.00148
iter=351 terr=0.00766 serr=0.13051 act=4336468 obj=81372.45203 diff=0.00007
iter=352 terr=0.00754 serr=0.12936 act=4336468 obj=81259.14340 diff=0.00139
iter=353 terr=0.00751 serr=0.12908 act=4336468 obj=81118.20243 diff=0.00173
iter=354 terr=0.00749 serr=0.12908 act=4336468 obj=80937.25056 diff=0.00223
iter=355 terr=0.00745 serr=0.12858 act=4336468 obj=80767.23062 diff=0.00210
iter=356 terr=0.00777 serr=0.13310 act=4336468 obj=80995.95518 diff=0.00283
iter=357 terr=0.00752 serr=0.12963 act=4336468 obj=80691.56927 diff=0.00376
iter=358 terr=0.00741 serr=0.12794 act=4336468 obj=80528.50594 diff=0.00202
iter=359 terr=0.00736 serr=0.12726 act=4336468 obj=80459.20830 diff=0.00086
iter=360 terr=0.00731 serr=0.12626 act=4336468 obj=80378.26154 diff=0.00101
iter=361 terr=0.00726 serr=0.12560 act=4336468 obj=80307.39228 diff=0.00088
iter=362 terr=0.00727 serr=0.12561 act=4336468 obj=80207.39406 diff=0.00125
iter=363 terr=0.00728 serr=0.12566 act=4336468 obj=80101.18432 diff=0.00132
iter=364 terr=0.00723 serr=0.12501 act=4336468 obj=80016.39749 diff=0.00106
iter=365 terr=0.00741 serr=0.12786 act=4336468 obj=80005.60644 diff=0.00013
iter=366 terr=0.00727 serr=0.12562 act=4336468 obj=79910.03242 diff=0.00119
iter=367 terr=0.00720 serr=0.12467 act=4336468 obj=79846.35338 diff=0.00080
iter=368 terr=0.00715 serr=0.12401 act=4336468 obj=79736.27911 diff=0.00138
iter=369 terr=0.00716 serr=0.12417 act=4336468 obj=79633.40047 diff=0.00129
iter=370 terr=0.00714 serr=0.12400 act=4336468 obj=79457.00436 diff=0.00222
iter=371 terr=0.00733 serr=0.12522 act=4336468 obj=79453.49447 diff=0.00004
iter=372 terr=0.00721 serr=0.12434 act=4336468 obj=79331.22426 diff=0.00154
iter=373 terr=0.00714 serr=0.12356 act=4336468 obj=79231.42466 diff=0.00126
iter=374 terr=0.00707 serr=0.12263 act=4336468 obj=79161.80156 diff=0.00088
iter=375 terr=0.00715 serr=0.12393 act=4336468 obj=79148.12702 diff=0.00017
iter=376 terr=0.00708 serr=0.12272 act=4336468 obj=79075.18114 diff=0.00092
iter=377 terr=0.00703 serr=0.12203 act=4336468 obj=79023.05465 diff=0.00066
iter=378 terr=0.00701 serr=0.12174 act=4336468 obj=78958.23331 diff=0.00082
iter=379 terr=0.00697 serr=0.12128 act=4336468 obj=78865.39984 diff=0.00118
iter=380 terr=0.00719 serr=0.12352 act=4336468 obj=78909.91254 diff=0.00056
iter=381 terr=0.00704 serr=0.12199 act=4336468 obj=78787.96393 diff=0.00155
iter=382 terr=0.00698 serr=0.12139 act=4336468 obj=78660.35692 diff=0.00162
iter=383 terr=0.00694 serr=0.12128 act=4336468 obj=78543.01971 diff=0.00149
iter=384 terr=0.00687 serr=0.12018 act=4336468 obj=78417.22417 diff=0.00160
iter=385 terr=0.00709 serr=0.12350 act=4336468 obj=78492.73790 diff=0.00096
iter=386 terr=0.00693 serr=0.12116 act=4336468 obj=78342.49538 diff=0.00191
iter=387 terr=0.00689 serr=0.12055 act=4336468 obj=78238.51029 diff=0.00133
iter=388 terr=0.00679 serr=0.11916 act=4336468 obj=78099.62418 diff=0.00178
iter=389 terr=0.00675 serr=0.11830 act=4336468 obj=78009.75824 diff=0.00115
iter=390 terr=0.00671 serr=0.11773 act=4336468 obj=77877.83991 diff=0.00169
iter=391 terr=0.00691 serr=0.12012 act=4336468 obj=77894.23603 diff=0.00021
iter=392 terr=0.00676 serr=0.11830 act=4336468 obj=77795.88375 diff=0.00126
iter=393 terr=0.00673 serr=0.11775 act=4336468 obj=77731.42995 diff=0.00083
iter=394 terr=0.00671 serr=0.11758 act=4336468 obj=77679.09986 diff=0.00067
iter=395 terr=0.00663 serr=0.11649 act=4336468 obj=77624.18797 diff=0.00071
iter=396 terr=0.00669 serr=0.11740 act=4336468 obj=77549.34603 diff=0.00096
iter=397 terr=0.00669 serr=0.11728 act=4336468 obj=77477.34125 diff=0.00093
iter=398 terr=0.00661 serr=0.11588 act=4336468 obj=77327.60062 diff=0.00193
iter=399 terr=0.00676 serr=0.11762 act=4336468 obj=77298.01498 diff=0.00038
iter=400 terr=0.00663 serr=0.11602 act=4336468 obj=77158.07847 diff=0.00181
iter=401 terr=0.00655 serr=0.11494 act=4336468 obj=77072.23522 diff=0.00111
iter=402 terr=0.00653 serr=0.11463 act=4336468 obj=77023.24075 diff=0.00064
iter=403 terr=0.00655 serr=0.11504 act=4336468 obj=76968.03707 diff=0.00072
iter=404 terr=0.00653 serr=0.11491 act=4336468 obj=76860.79785 diff=0.00139
iter=405 terr=0.00650 serr=0.11387 act=4336468 obj=76730.16830 diff=0.00170
iter=406 terr=0.00644 serr=0.11310 act=4336468 obj=76488.47777 diff=0.00315
iter=407 terr=0.00640 serr=0.11290 act=4336468 obj=76342.65263 diff=0.00191
iter=408 terr=0.00630 serr=0.11175 act=4336468 obj=76222.45154 diff=0.00157
iter=409 terr=0.00635 serr=0.11253 act=4336468 obj=76081.24582 diff=0.00185
iter=410 terr=0.00632 serr=0.11167 act=4336468 obj=75961.13005 diff=0.00158
iter=411 terr=0.00633 serr=0.11201 act=4336468 obj=75855.19497 diff=0.00139
iter=412 terr=0.00628 serr=0.11115 act=4336468 obj=75798.73553 diff=0.00074
iter=413 terr=0.00627 serr=0.11100 act=4336468 obj=75782.06384 diff=0.00022
iter=414 terr=0.00625 serr=0.11074 act=4336468 obj=75704.35861 diff=0.00103
iter=415 terr=0.00618 serr=0.10955 act=4336468 obj=75565.47820 diff=0.00183
iter=416 terr=0.00670 serr=0.11573 act=4336468 obj=76124.73286 diff=0.00740
iter=417 terr=0.00623 serr=0.11017 act=4336468 obj=75516.91020 diff=0.00798
iter=418 terr=0.00614 serr=0.10875 act=4336468 obj=75404.93016 diff=0.00148
iter=419 terr=0.00609 serr=0.10825 act=4336468 obj=75303.55464 diff=0.00134
iter=420 terr=0.00602 serr=0.10663 act=4336468 obj=75312.05345 diff=0.00011
iter=421 terr=0.00604 serr=0.10710 act=4336468 obj=75244.19387 diff=0.00090
iter=422 terr=0.00603 serr=0.10724 act=4336468 obj=75152.75343 diff=0.00122
iter=423 terr=0.00603 serr=0.10715 act=4336468 obj=75093.32518 diff=0.00079
iter=424 terr=0.00599 serr=0.10691 act=4336468 obj=74991.16348 diff=0.00136
iter=425 terr=0.00621 serr=0.10931 act=4336468 obj=75043.87880 diff=0.00070
iter=426 terr=0.00606 serr=0.10778 act=4336468 obj=74939.18608 diff=0.00140
iter=427 terr=0.00601 serr=0.10712 act=4336468 obj=74884.15308 diff=0.00073
iter=428 terr=0.00595 serr=0.10620 act=4336468 obj=74784.16770 diff=0.00134
iter=429 terr=0.00590 serr=0.10517 act=4336468 obj=74698.74766 diff=0.00114
iter=430 terr=0.00585 serr=0.10460 act=4336468 obj=74549.54221 diff=0.00200
iter=431 terr=0.00579 serr=0.10358 act=4336468 obj=74359.45647 diff=0.00255
iter=432 terr=0.00571 serr=0.10246 act=4336468 obj=74170.82067 diff=0.00254
iter=433 terr=0.00574 serr=0.10291 act=4336468 obj=74079.75691 diff=0.00123
iter=434 terr=0.00565 serr=0.10164 act=4336468 obj=74008.10041 diff=0.00097
iter=435 terr=0.00570 serr=0.10235 act=4336468 obj=73936.96664 diff=0.00096
iter=436 terr=0.00571 serr=0.10226 act=4336468 obj=73871.03722 diff=0.00089
iter=437 terr=0.00565 serr=0.10118 act=4336468 obj=73639.96865 diff=0.00313
iter=438 terr=0.00551 serr=0.09856 act=4336468 obj=73435.75636 diff=0.00277
iter=439 terr=0.00542 serr=0.09774 act=4336468 obj=73249.82554 diff=0.00253
iter=440 terr=0.00535 serr=0.09692 act=4336468 obj=73150.76983 diff=0.00135
iter=441 terr=0.00533 serr=0.09684 act=4336468 obj=73102.63739 diff=0.00066
iter=442 terr=0.00523 serr=0.09538 act=4336468 obj=73008.10143 diff=0.00129
iter=443 terr=0.00517 serr=0.09426 act=4336468 obj=72831.19924 diff=0.00242
iter=444 terr=0.00515 serr=0.09416 act=4336468 obj=72679.18699 diff=0.00209
iter=445 terr=0.00507 serr=0.09228 act=4336468 obj=72528.80969 diff=0.00207
iter=446 terr=0.00511 serr=0.09297 act=4336468 obj=72452.49691 diff=0.00105
iter=447 terr=0.00510 serr=0.09279 act=4336468 obj=72420.19327 diff=0.00045
iter=448 terr=0.00504 serr=0.09188 act=4336468 obj=72329.64346 diff=0.00125
iter=449 terr=0.00506 serr=0.09234 act=4336468 obj=72200.68882 diff=0.00178
iter=450 terr=0.00486 serr=0.08943 act=4336468 obj=72115.01956 diff=0.00119
iter=451 terr=0.00490 serr=0.08996 act=4336468 obj=72020.47181 diff=0.00131
iter=452 terr=0.00492 serr=0.09020 act=4336468 obj=71955.37018 diff=0.00090
iter=453 terr=0.00491 serr=0.08999 act=4336468 obj=71897.50083 diff=0.00080
iter=454 terr=0.00482 serr=0.08855 act=4336468 obj=71745.34976 diff=0.00212
iter=455 terr=0.00479 serr=0.08834 act=4336468 obj=71628.47270 diff=0.00163
iter=456 terr=0.00472 serr=0.08723 act=4336468 obj=71525.49472 diff=0.00144
iter=457 terr=0.00468 serr=0.08639 act=4336468 obj=71477.84222 diff=0.00067
iter=458 terr=0.00469 serr=0.08644 act=4336468 obj=71447.74608 diff=0.00042
iter=459 terr=0.00458 serr=0.08484 act=4336468 obj=71372.80413 diff=0.00105
iter=460 terr=0.00463 serr=0.08552 act=4336468 obj=71273.05975 diff=0.00140
iter=461 terr=0.00462 serr=0.08553 act=4336468 obj=71196.98291 diff=0.00107
iter=462 terr=0.00455 serr=0.08450 act=4336468 obj=71032.51555 diff=0.00231
iter=463 terr=0.00447 serr=0.08199 act=4336468 obj=71447.21136 diff=0.00584
iter=464 terr=0.00448 serr=0.08293 act=4336468 obj=70958.43622 diff=0.00684
iter=465 terr=0.00444 serr=0.08238 act=4336468 obj=70880.59795 diff=0.00110
iter=466 terr=0.00442 serr=0.08224 act=4336468 obj=70765.49523 diff=0.00162
iter=467 terr=0.00440 serr=0.08171 act=4336468 obj=70727.94012 diff=0.00053
iter=468 terr=0.00434 serr=0.08085 act=4336468 obj=70684.93919 diff=0.00061
iter=469 terr=0.00432 serr=0.08064 act=4336468 obj=70638.14434 diff=0.00066
iter=470 terr=0.00433 serr=0.08112 act=4336468 obj=70517.56543 diff=0.00171
iter=471 terr=0.00430 serr=0.08026 act=4336468 obj=70444.81822 diff=0.00103
iter=472 terr=0.00427 serr=0.07987 act=4336468 obj=70347.96500 diff=0.00137
iter=473 terr=0.00424 serr=0.07949 act=4336468 obj=70232.04303 diff=0.00165
iter=474 terr=0.00421 serr=0.07911 act=4336468 obj=70186.85154 diff=0.00064
iter=475 terr=0.00404 serr=0.07611 act=4336468 obj=70159.84007 diff=0.00038
iter=476 terr=0.00413 serr=0.07751 act=4336468 obj=69991.40747 diff=0.00240
iter=477 terr=0.00414 serr=0.07745 act=4336468 obj=69949.21501 diff=0.00060
iter=478 terr=0.00413 serr=0.07723 act=4336468 obj=69906.13879 diff=0.00062
iter=479 terr=0.00406 serr=0.07607 act=4336468 obj=69845.10341 diff=0.00087
iter=480 terr=0.00405 serr=0.07584 act=4336468 obj=69741.28831 diff=0.00149
iter=481 terr=0.00397 serr=0.07498 act=4336468 obj=69554.42975 diff=0.00268
iter=482 terr=0.00406 serr=0.07575 act=4336468 obj=69473.99412 diff=0.00116
iter=483 terr=0.00394 serr=0.07440 act=4336468 obj=69380.50348 diff=0.00135
iter=484 terr=0.00392 serr=0.07416 act=4336468 obj=69364.80052 diff=0.00023
iter=485 terr=0.00389 serr=0.07360 act=4336468 obj=69310.90760 diff=0.00078
iter=486 terr=0.00393 serr=0.07453 act=4336468 obj=69276.84835 diff=0.00049
iter=487 terr=0.00387 serr=0.07340 act=4336468 obj=69212.10727 diff=0.00093
iter=488 terr=0.00386 serr=0.07305 act=4336468 obj=69169.93808 diff=0.00061
iter=489 terr=0.00381 serr=0.07219 act=4336468 obj=69130.40896 diff=0.00057
iter=490 terr=0.00384 serr=0.07249 act=4336468 obj=69096.85645 diff=0.00049
iter=491 terr=0.00383 serr=0.07251 act=4336468 obj=69065.95730 diff=0.00045
iter=492 terr=0.00378 serr=0.07178 act=4336468 obj=68958.32305 diff=0.00156
iter=493 terr=0.00371 serr=0.07048 act=4336468 obj=68910.45929 diff=0.00069
iter=494 terr=0.00372 serr=0.07085 act=4336468 obj=68882.95763 diff=0.00040
iter=495 terr=0.00373 serr=0.07096 act=4336468 obj=68864.63017 diff=0.00027
iter=496 terr=0.00371 serr=0.07048 act=4336468 obj=68785.35008 diff=0.00115
iter=497 terr=0.00434 serr=0.07965 act=4336468 obj=69556.51900 diff=0.01121
iter=498 terr=0.00378 serr=0.07150 act=4336468 obj=68751.81980 diff=0.01157
iter=499 terr=0.00374 serr=0.07099 act=4336468 obj=68680.44825 diff=0.00104
iter=500 terr=0.00368 serr=0.07018 act=4336468 obj=68597.70491 diff=0.00120
iter=501 terr=0.00365 serr=0.06907 act=4336468 obj=68597.20651 diff=0.00001
iter=502 terr=0.00365 serr=0.06939 act=4336468 obj=68573.83575 diff=0.00034
iter=503 terr=0.00363 serr=0.06921 act=4336468 obj=68550.51311 diff=0.00034
iter=504 terr=0.00362 serr=0.06885 act=4336468 obj=68514.37571 diff=0.00053
iter=505 terr=0.00362 serr=0.06880 act=4336468 obj=68476.38021 diff=0.00055
iter=506 terr=0.00356 serr=0.06801 act=4336468 obj=68421.71907 diff=0.00080
iter=507 terr=0.00359 serr=0.06843 act=4336468 obj=68378.34441 diff=0.00063
iter=508 terr=0.00357 serr=0.06817 act=4336468 obj=68344.83975 diff=0.00049
iter=509 terr=0.00354 serr=0.06801 act=4336468 obj=68297.10136 diff=0.00070
iter=510 terr=0.00352 serr=0.06741 act=4336468 obj=68272.16702 diff=0.00037
iter=511 terr=0.00351 serr=0.06733 act=4336468 obj=68211.77732 diff=0.00088
iter=512 terr=0.00353 serr=0.06766 act=4336468 obj=68171.14053 diff=0.00060
iter=513 terr=0.00352 serr=0.06753 act=4336468 obj=68154.10851 diff=0.00025
iter=514 terr=0.00348 serr=0.06704 act=4336468 obj=68120.53016 diff=0.00049
iter=515 terr=0.00353 serr=0.06767 act=4336468 obj=68076.58569 diff=0.00065
iter=516 terr=0.00345 serr=0.06643 act=4336468 obj=68022.87183 diff=0.00079
iter=517 terr=0.00340 serr=0.06577 act=4336468 obj=67966.80598 diff=0.00082
iter=518 terr=0.00339 serr=0.06563 act=4336468 obj=67926.79157 diff=0.00059
iter=519 terr=0.00338 serr=0.06535 act=4336468 obj=67882.62795 diff=0.00065
iter=520 terr=0.00339 serr=0.06559 act=4336468 obj=67831.82536 diff=0.00075
iter=521 terr=0.00336 serr=0.06497 act=4336468 obj=67738.34333 diff=0.00138
iter=522 terr=0.00344 serr=0.06597 act=4336468 obj=67762.86987 diff=0.00036
iter=523 terr=0.00337 serr=0.06516 act=4336468 obj=67712.09023 diff=0.00075
iter=524 terr=0.00335 serr=0.06470 act=4336468 obj=67666.05139 diff=0.00068
iter=525 terr=0.00332 serr=0.06418 act=4336468 obj=67603.14750 diff=0.00093
iter=526 terr=0.00328 serr=0.06351 act=4336468 obj=67566.84813 diff=0.00054
iter=527 terr=0.00330 serr=0.06375 act=4336468 obj=67533.96397 diff=0.00049
iter=528 terr=0.00332 serr=0.06418 act=4336468 obj=67513.25555 diff=0.00031
iter=529 terr=0.00332 serr=0.06415 act=4336468 obj=67459.90199 diff=0.00079
iter=530 terr=0.00328 serr=0.06365 act=4336468 obj=67427.81058 diff=0.00048
iter=531 terr=0.00328 serr=0.06367 act=4336468 obj=67388.23940 diff=0.00059
iter=532 terr=0.00328 serr=0.06358 act=4336468 obj=67334.32182 diff=0.00080
iter=533 terr=0.00332 serr=0.06418 act=4336468 obj=67279.88150 diff=0.00081
iter=534 terr=0.00323 serr=0.06254 act=4336468 obj=67246.58760 diff=0.00049
iter=535 terr=0.00325 serr=0.06278 act=4336468 obj=67215.52086 diff=0.00046
iter=536 terr=0.00326 serr=0.06305 act=4336468 obj=67183.13117 diff=0.00048
iter=537 terr=0.00325 serr=0.06296 act=4336468 obj=67152.05679 diff=0.00046
iter=538 terr=0.00323 serr=0.06254 act=4336468 obj=67105.94768 diff=0.00069
iter=539 terr=0.00323 serr=0.06204 act=4336468 obj=67087.02344 diff=0.00028
iter=540 terr=0.00319 serr=0.06153 act=4336468 obj=67037.19079 diff=0.00074
iter=541 terr=0.00317 serr=0.06140 act=4336468 obj=67020.85669 diff=0.00024
iter=542 terr=0.00316 serr=0.06124 act=4336468 obj=66993.42975 diff=0.00041
iter=543 terr=0.00314 serr=0.06100 act=4336468 obj=66940.07722 diff=0.00080
iter=544 terr=0.00343 serr=0.06620 act=4336468 obj=67206.77898 diff=0.00398
iter=545 terr=0.00317 serr=0.06160 act=4336468 obj=66922.42629 diff=0.00423
iter=546 terr=0.00315 serr=0.06108 act=4336468 obj=66875.05607 diff=0.00071
iter=547 terr=0.00310 serr=0.06023 act=4336468 obj=66841.63309 diff=0.00050
iter=548 terr=0.00312 serr=0.06030 act=4336468 obj=66802.45292 diff=0.00059
iter=549 terr=0.00310 serr=0.06016 act=4336468 obj=66769.37323 diff=0.00050
iter=550 terr=0.00312 serr=0.06023 act=4336468 obj=66752.60748 diff=0.00025
iter=551 terr=0.00303 serr=0.05885 act=4336468 obj=66685.61458 diff=0.00100
iter=552 terr=0.00304 serr=0.05911 act=4336468 obj=66670.52562 diff=0.00023
iter=553 terr=0.00305 serr=0.05939 act=4336468 obj=66646.44373 diff=0.00036
iter=554 terr=0.00306 serr=0.05957 act=4336468 obj=66611.07966 diff=0.00053
iter=555 terr=0.00305 serr=0.05940 act=4336468 obj=66576.35392 diff=0.00052
iter=556 terr=0.00299 serr=0.05833 act=4336468 obj=66529.98903 diff=0.00070
iter=557 terr=0.00299 serr=0.05828 act=4336468 obj=66487.97490 diff=0.00063
iter=558 terr=0.00298 serr=0.05797 act=4336468 obj=66467.52719 diff=0.00031
iter=559 terr=0.00298 serr=0.05795 act=4336468 obj=66454.34519 diff=0.00020
iter=560 terr=0.00297 serr=0.05787 act=4336468 obj=66441.32073 diff=0.00020
iter=561 terr=0.00296 serr=0.05765 act=4336468 obj=66389.05688 diff=0.00079
iter=562 terr=0.00296 serr=0.05755 act=4336468 obj=66332.63503 diff=0.00085
iter=563 terr=0.00283 serr=0.05548 act=4336468 obj=66596.19805 diff=0.00397
iter=564 terr=0.00292 serr=0.05696 act=4336468 obj=66318.66113 diff=0.00417
iter=565 terr=0.00293 serr=0.05717 act=4336468 obj=66274.93774 diff=0.00066
iter=566 terr=0.00293 serr=0.05712 act=4336468 obj=66258.91320 diff=0.00024
iter=567 terr=0.00293 serr=0.05713 act=4336468 obj=66244.79240 diff=0.00021
iter=568 terr=0.00295 serr=0.05757 act=4336468 obj=66225.09522 diff=0.00030
iter=569 terr=0.00294 serr=0.05742 act=4336468 obj=66201.80448 diff=0.00035
iter=570 terr=0.00294 serr=0.05738 act=4336468 obj=66142.50074 diff=0.00090
iter=571 terr=0.00288 serr=0.05620 act=4336468 obj=66117.67657 diff=0.00038
iter=572 terr=0.00290 serr=0.05665 act=4336468 obj=66085.97444 diff=0.00048
iter=573 terr=0.00290 serr=0.05671 act=4336468 obj=66075.03601 diff=0.00017
iter=574 terr=0.00292 serr=0.05697 act=4336468 obj=66057.46536 diff=0.00027
iter=575 terr=0.00289 serr=0.05642 act=4336468 obj=66025.56645 diff=0.00048
iter=576 terr=0.00288 serr=0.05623 act=4336468 obj=65987.02128 diff=0.00058
iter=577 terr=0.00291 serr=0.05663 act=4336468 obj=66006.48788 diff=0.00030
iter=578 terr=0.00288 serr=0.05617 act=4336468 obj=65963.87336 diff=0.00065
iter=579 terr=0.00283 serr=0.05542 act=4336468 obj=65933.10862 diff=0.00047
iter=580 terr=0.00284 serr=0.05552 act=4336468 obj=65920.15078 diff=0.00020
iter=581 terr=0.00283 serr=0.05547 act=4336468 obj=65889.53127 diff=0.00046
iter=582 terr=0.00284 serr=0.05566 act=4336468 obj=65860.85162 diff=0.00044
iter=583 terr=0.00279 serr=0.05473 act=4336468 obj=65837.91080 diff=0.00035
iter=584 terr=0.00281 serr=0.05513 act=4336468 obj=65813.88045 diff=0.00036
iter=585 terr=0.00283 serr=0.05534 act=4336468 obj=65793.96170 diff=0.00030
iter=586 terr=0.00283 serr=0.05542 act=4336468 obj=65766.20250 diff=0.00042
iter=587 terr=0.00280 serr=0.05483 act=4336468 obj=65720.04415 diff=0.00070
iter=588 terr=0.00282 serr=0.05520 act=4336468 obj=65682.77501 diff=0.00057
iter=589 terr=0.00276 serr=0.05405 act=4336468 obj=65673.26940 diff=0.00014
iter=590 terr=0.00278 serr=0.05441 act=4336468 obj=65654.65419 diff=0.00028
iter=591 terr=0.00279 serr=0.05456 act=4336468 obj=65648.95462 diff=0.00009
iter=592 terr=0.00279 serr=0.05449 act=4336468 obj=65638.71149 diff=0.00016
iter=593 terr=0.00279 serr=0.05465 act=4336468 obj=65618.24909 diff=0.00031
iter=594 terr=0.00278 serr=0.05444 act=4336468 obj=65595.67437 diff=0.00034
iter=595 terr=0.00277 serr=0.05432 act=4336468 obj=65573.11286 diff=0.00034
iter=596 terr=0.00278 serr=0.05443 act=4336468 obj=65550.17061 diff=0.00035
iter=597 terr=0.00274 serr=0.05388 act=4336468 obj=65539.96345 diff=0.00016
iter=598 terr=0.00275 serr=0.05398 act=4336468 obj=65529.87714 diff=0.00015
iter=599 terr=0.00277 serr=0.05420 act=4336468 obj=65509.32408 diff=0.00031
iter=600 terr=0.00276 serr=0.05398 act=4336468 obj=65492.21006 diff=0.00026
iter=601 terr=0.00279 serr=0.05459 act=4336468 obj=65508.41789 diff=0.00025
iter=602 terr=0.00276 serr=0.05402 act=4336468 obj=65486.27143 diff=0.00034
iter=603 terr=0.00274 serr=0.05379 act=4336468 obj=65476.55756 diff=0.00015
iter=604 terr=0.00274 serr=0.05372 act=4336468 obj=65467.04613 diff=0.00015
iter=605 terr=0.00273 serr=0.05357 act=4336468 obj=65455.24257 diff=0.00018
iter=606 terr=0.00272 serr=0.05349 act=4336468 obj=65437.63178 diff=0.00027
iter=607 terr=0.00270 serr=0.05321 act=4336468 obj=65476.46983 diff=0.00059
iter=608 terr=0.00271 serr=0.05341 act=4336468 obj=65429.13259 diff=0.00072
iter=609 terr=0.00272 serr=0.05344 act=4336468 obj=65414.21084 diff=0.00023
iter=610 terr=0.00272 serr=0.05357 act=4336468 obj=65404.50373 diff=0.00015
iter=611 terr=0.00273 serr=0.05365 act=4336468 obj=65397.50107 diff=0.00011
iter=612 terr=0.00274 serr=0.05387 act=4336468 obj=65386.09365 diff=0.00017
iter=613 terr=0.00273 serr=0.05376 act=4336468 obj=65367.67462 diff=0.00028
iter=614 terr=0.00271 serr=0.05328 act=4336468 obj=65328.63480 diff=0.00060
iter=615 terr=0.00270 serr=0.05314 act=4336468 obj=65308.29207 diff=0.00031
iter=616 terr=0.00269 serr=0.05298 act=4336468 obj=65285.84681 diff=0.00034
iter=617 terr=0.00270 serr=0.05319 act=4336468 obj=65265.89165 diff=0.00031
iter=618 terr=0.00271 serr=0.05336 act=4336468 obj=65258.11505 diff=0.00012
iter=619 terr=0.00271 serr=0.05335 act=4336468 obj=65249.14280 diff=0.00014
iter=620 terr=0.00290 serr=0.05667 act=4336468 obj=65424.34217 diff=0.00269
iter=621 terr=0.00274 serr=0.05379 act=4336468 obj=65243.32195 diff=0.00277
iter=622 terr=0.00273 serr=0.05365 act=4336468 obj=65226.48953 diff=0.00026
iter=623 terr=0.00269 serr=0.05292 act=4336468 obj=65165.43509 diff=0.00094
iter=624 terr=0.00265 serr=0.05218 act=4336468 obj=65145.28026 diff=0.00031
iter=625 terr=0.00266 serr=0.05226 act=4336468 obj=65099.51909 diff=0.00070
iter=626 terr=0.00265 serr=0.05221 act=4336468 obj=65089.19565 diff=0.00016
iter=627 terr=0.00265 serr=0.05229 act=4336468 obj=65073.03022 diff=0.00025
iter=628 terr=0.00262 serr=0.05152 act=4336468 obj=65064.49219 diff=0.00013
iter=629 terr=0.00264 serr=0.05191 act=4336468 obj=65036.38689 diff=0.00043
iter=630 terr=0.00265 serr=0.05220 act=4336468 obj=65016.58325 diff=0.00030
iter=631 terr=0.00266 serr=0.05223 act=4336468 obj=64994.14200 diff=0.00035
iter=632 terr=0.00264 serr=0.05198 act=4336468 obj=64971.01388 diff=0.00036
iter=633 terr=0.00263 serr=0.05195 act=4336468 obj=64947.24979 diff=0.00037
iter=634 terr=0.00263 serr=0.05188 act=4336468 obj=64930.36535 diff=0.00026
iter=635 terr=0.00263 serr=0.05188 act=4336468 obj=64916.24022 diff=0.00022
iter=636 terr=0.00262 serr=0.05167 act=4336468 obj=64907.16690 diff=0.00014
iter=637 terr=0.00261 serr=0.05160 act=4336468 obj=64887.60111 diff=0.00030
iter=638 terr=0.00259 serr=0.05135 act=4336468 obj=64840.97000 diff=0.00072
iter=639 terr=0.00264 serr=0.05230 act=4336468 obj=64863.68362 diff=0.00035
iter=640 terr=0.00262 serr=0.05174 act=4336468 obj=64823.27973 diff=0.00062
iter=641 terr=0.00262 serr=0.05182 act=4336468 obj=64807.66567 diff=0.00024
iter=642 terr=0.00262 serr=0.05167 act=4336468 obj=64791.73514 diff=0.00025
iter=643 terr=0.00257 serr=0.05070 act=4336468 obj=64802.21868 diff=0.00016
iter=644 terr=0.00259 serr=0.05114 act=4336468 obj=64778.50730 diff=0.00037
iter=645 terr=0.00258 serr=0.05106 act=4336468 obj=64760.57167 diff=0.00028
iter=646 terr=0.00259 serr=0.05109 act=4336468 obj=64741.20974 diff=0.00030
iter=647 terr=0.00259 serr=0.05113 act=4336468 obj=64710.68883 diff=0.00047
iter=648 terr=0.00256 serr=0.05071 act=4336468 obj=64691.20376 diff=0.00030
iter=649 terr=0.00257 serr=0.05078 act=4336468 obj=64664.66868 diff=0.00041
iter=650 terr=0.00255 serr=0.05050 act=4336468 obj=64650.96506 diff=0.00021
iter=651 terr=0.00257 serr=0.05078 act=4336468 obj=64644.08344 diff=0.00011
iter=652 terr=0.00255 serr=0.05031 act=4336468 obj=64637.15157 diff=0.00011
iter=653 terr=0.00254 serr=0.05025 act=4336468 obj=64631.86131 diff=0.00008
iter=654 terr=0.00255 serr=0.05033 act=4336468 obj=64598.26188 diff=0.00052
iter=655 terr=0.00255 serr=0.05038 act=4336468 obj=64581.63136 diff=0.00026
iter=656 terr=0.00257 serr=0.05068 act=4336468 obj=64568.17593 diff=0.00021
iter=657 terr=0.00257 serr=0.05067 act=4336468 obj=64561.76578 diff=0.00010
iter=658 terr=0.00255 serr=0.05045 act=4336468 obj=64551.51727 diff=0.00016
iter=659 terr=0.00258 serr=0.05100 act=4336468 obj=64544.97543 diff=0.00010
iter=660 terr=0.00256 serr=0.05039 act=4336468 obj=64527.76786 diff=0.00027
iter=661 terr=0.00253 serr=0.05004 act=4336468 obj=64506.90045 diff=0.00032
iter=662 terr=0.00252 serr=0.04978 act=4336468 obj=64489.71295 diff=0.00027
iter=663 terr=0.00250 serr=0.04941 act=4336468 obj=64465.66980 diff=0.00037
iter=664 terr=0.00251 serr=0.04954 act=4336468 obj=64444.62759 diff=0.00033
iter=665 terr=0.00253 serr=0.04993 act=4336468 obj=64450.22748 diff=0.00009
iter=666 terr=0.00253 serr=0.04981 act=4336468 obj=64433.14241 diff=0.00027
iter=667 terr=0.00253 serr=0.04984 act=4336468 obj=64417.29161 diff=0.00025
iter=668 terr=0.00251 serr=0.04935 act=4336468 obj=64399.54545 diff=0.00028
iter=669 terr=0.00253 serr=0.04977 act=4336468 obj=64390.89742 diff=0.00013
iter=670 terr=0.00254 serr=0.04990 act=4336468 obj=64384.55384 diff=0.00010
iter=671 terr=0.00252 serr=0.04971 act=4336468 obj=64355.12267 diff=0.00046
iter=672 terr=0.00250 serr=0.04929 act=4336468 obj=64334.82287 diff=0.00032
iter=673 terr=0.00248 serr=0.04879 act=4336468 obj=64306.91940 diff=0.00043
iter=674 terr=0.00247 serr=0.04856 act=4336468 obj=64281.51672 diff=0.00040
iter=675 terr=0.00245 serr=0.04832 act=4336468 obj=64256.40644 diff=0.00039
iter=676 terr=0.00249 serr=0.04909 act=4336468 obj=64241.39431 diff=0.00023
iter=677 terr=0.00248 serr=0.04880 act=4336468 obj=64226.60209 diff=0.00023
iter=678 terr=0.00247 serr=0.04859 act=4336468 obj=64218.23449 diff=0.00013
iter=679 terr=0.00246 serr=0.04856 act=4336468 obj=64204.29054 diff=0.00022
iter=680 terr=0.00249 serr=0.04901 act=4336468 obj=64213.35180 diff=0.00014
iter=681 terr=0.00247 serr=0.04863 act=4336468 obj=64188.39376 diff=0.00039
iter=682 terr=0.00246 serr=0.04867 act=4336468 obj=64160.99529 diff=0.00043
iter=683 terr=0.00246 serr=0.04857 act=4336468 obj=64144.71061 diff=0.00025
iter=684 terr=0.00245 serr=0.04838 act=4336468 obj=64129.16254 diff=0.00024
iter=685 terr=0.00245 serr=0.04841 act=4336468 obj=64104.99335 diff=0.00038
iter=686 terr=0.00245 serr=0.04836 act=4336468 obj=64078.20974 diff=0.00042
iter=687 terr=0.00258 serr=0.05060 act=4336468 obj=64169.52217 diff=0.00143
iter=688 terr=0.00247 serr=0.04860 act=4336468 obj=64068.42619 diff=0.00158
iter=689 terr=0.00246 serr=0.04862 act=4336468 obj=64051.93583 diff=0.00026
iter=690 terr=0.00246 serr=0.04855 act=4336468 obj=64046.38235 diff=0.00009
iter=691 terr=0.00244 serr=0.04821 act=4336468 obj=64033.10203 diff=0.00021
iter=692 terr=0.00243 serr=0.04821 act=4336468 obj=64036.86933 diff=0.00006
iter=693 terr=0.00244 serr=0.04829 act=4336468 obj=64024.84666 diff=0.00019
iter=694 terr=0.00245 serr=0.04837 act=4336468 obj=64014.48559 diff=0.00016
iter=695 terr=0.00243 serr=0.04784 act=4336468 obj=63993.18149 diff=0.00033
iter=696 terr=0.00246 serr=0.04845 act=4336468 obj=63989.33123 diff=0.00006
iter=697 terr=0.00243 serr=0.04799 act=4336468 obj=63982.54022 diff=0.00011
iter=698 terr=0.00242 serr=0.04776 act=4336468 obj=63978.07012 diff=0.00007
iter=699 terr=0.00242 serr=0.04764 act=4336468 obj=63972.90553 diff=0.00008
iter=700 terr=0.00241 serr=0.04769 act=4336468 obj=63962.14967 diff=0.00017
iter=701 terr=0.00242 serr=0.04799 act=4336468 obj=63955.92003 diff=0.00010
iter=702 terr=0.00242 serr=0.04786 act=4336468 obj=63943.91920 diff=0.00019
iter=703 terr=0.00242 serr=0.04776 act=4336468 obj=63934.98344 diff=0.00014
iter=704 terr=0.00240 serr=0.04741 act=4336468 obj=63923.93633 diff=0.00017
iter=705 terr=0.00240 serr=0.04742 act=4336468 obj=63914.20677 diff=0.00015
iter=706 terr=0.00239 serr=0.04730 act=4336468 obj=63900.20301 diff=0.00022
iter=707 terr=0.00239 serr=0.04731 act=4336468 obj=63862.85444 diff=0.00058
iter=708 terr=0.00238 serr=0.04721 act=4336468 obj=63843.55752 diff=0.00030
iter=709 terr=0.00239 serr=0.04742 act=4336468 obj=63823.93082 diff=0.00031
iter=710 terr=0.00240 serr=0.04747 act=4336468 obj=63820.62768 diff=0.00005
iter=711 terr=0.00240 serr=0.04749 act=4336468 obj=63813.00590 diff=0.00012
iter=712 terr=0.00241 serr=0.04760 act=4336468 obj=63799.79198 diff=0.00021
iter=713 terr=0.00239 serr=0.04727 act=4336468 obj=63782.72199 diff=0.00027
iter=714 terr=0.00238 serr=0.04708 act=4336468 obj=63763.23736 diff=0.00031
iter=715 terr=0.00235 serr=0.04658 act=4336468 obj=63737.20274 diff=0.00041
iter=716 terr=0.00235 serr=0.04652 act=4336468 obj=63704.84859 diff=0.00051
iter=717 terr=0.00234 serr=0.04635 act=4336468 obj=63687.67126 diff=0.00027
iter=718 terr=0.00238 serr=0.04701 act=4336468 obj=63671.06777 diff=0.00026
iter=719 terr=0.00234 serr=0.04640 act=4336468 obj=63653.18202 diff=0.00028
iter=720 terr=0.00234 serr=0.04645 act=4336468 obj=63648.24887 diff=0.00008
iter=721 terr=0.00234 serr=0.04637 act=4336468 obj=63641.07738 diff=0.00011
iter=722 terr=0.00234 serr=0.04640 act=4336468 obj=63628.50502 diff=0.00020
iter=723 terr=0.00233 serr=0.04622 act=4336468 obj=63635.40613 diff=0.00011
iter=724 terr=0.00233 serr=0.04602 act=4336468 obj=63622.76686 diff=0.00020
iter=725 terr=0.00233 serr=0.04608 act=4336468 obj=63614.15765 diff=0.00014
iter=726 terr=0.00234 serr=0.04639 act=4336468 obj=63606.23121 diff=0.00012
iter=727 terr=0.00233 serr=0.04633 act=4336468 obj=63601.18221 diff=0.00008
iter=728 terr=0.00232 serr=0.04622 act=4336468 obj=63594.69174 diff=0.00010
iter=729 terr=0.00232 serr=0.04609 act=4336468 obj=63587.16369 diff=0.00012
iter=730 terr=0.00232 serr=0.04611 act=4336468 obj=63577.18094 diff=0.00016
iter=731 terr=0.00231 serr=0.04579 act=4336468 obj=63568.95597 diff=0.00013
iter=732 terr=0.00231 serr=0.04597 act=4336468 obj=63562.41610 diff=0.00010
iter=733 terr=0.00230 serr=0.04586 act=4336468 obj=63557.95414 diff=0.00007
iter=734 terr=0.00231 serr=0.04603 act=4336468 obj=63547.11978 diff=0.00017
iter=735 terr=0.00226 serr=0.04528 act=4336468 obj=63565.68820 diff=0.00029
iter=736 terr=0.00229 serr=0.04584 act=4336468 obj=63539.68592 diff=0.00041
iter=737 terr=0.00229 serr=0.04588 act=4336468 obj=63525.43572 diff=0.00022
iter=738 terr=0.00229 serr=0.04591 act=4336468 obj=63500.34135 diff=0.00040
iter=739 terr=0.00227 serr=0.04528 act=4336468 obj=63497.49064 diff=0.00004
iter=740 terr=0.00229 serr=0.04578 act=4336468 obj=63479.98633 diff=0.00028
iter=741 terr=0.00229 serr=0.04582 act=4336468 obj=63476.38849 diff=0.00006
iter=742 terr=0.00229 serr=0.04574 act=4336468 obj=63468.56038 diff=0.00012
iter=743 terr=0.00227 serr=0.04550 act=4336468 obj=63456.37596 diff=0.00019
iter=744 terr=0.00230 serr=0.04586 act=4336468 obj=63448.63420 diff=0.00012
iter=745 terr=0.00228 serr=0.04545 act=4336468 obj=63436.29123 diff=0.00019
iter=746 terr=0.00227 serr=0.04531 act=4336468 obj=63431.77569 diff=0.00007
iter=747 terr=0.00227 serr=0.04528 act=4336468 obj=63426.03368 diff=0.00009
iter=748 terr=0.00228 serr=0.04539 act=4336468 obj=63416.55749 diff=0.00015
iter=749 terr=0.00229 serr=0.04574 act=4336468 obj=63408.74745 diff=0.00012
iter=750 terr=0.00229 serr=0.04565 act=4336468 obj=63401.35842 diff=0.00012
iter=751 terr=0.00226 serr=0.04508 act=4336468 obj=63397.77356 diff=0.00006
iter=752 terr=0.00227 serr=0.04527 act=4336468 obj=63391.41810 diff=0.00010
iter=753 terr=0.00228 serr=0.04532 act=4336468 obj=63385.51794 diff=0.00009
iter=754 terr=0.00228 serr=0.04541 act=4336468 obj=63376.03658 diff=0.00015
iter=755 terr=0.00228 serr=0.04549 act=4336468 obj=63365.48337 diff=0.00017
iter=756 terr=0.00226 serr=0.04502 act=4336468 obj=63359.37823 diff=0.00010
iter=757 terr=0.00226 serr=0.04517 act=4336468 obj=63347.64592 diff=0.00019
iter=758 terr=0.00226 serr=0.04503 act=4336468 obj=63341.17232 diff=0.00010
iter=759 terr=0.00226 serr=0.04507 act=4336468 obj=63332.50256 diff=0.00014
iter=760 terr=0.00225 serr=0.04497 act=4336468 obj=63325.47987 diff=0.00011
iter=761 terr=0.00225 serr=0.04505 act=4336468 obj=63316.62026 diff=0.00014
iter=762 terr=0.00226 serr=0.04510 act=4336468 obj=63311.65205 diff=0.00008
iter=763 terr=0.00226 serr=0.04501 act=4336468 obj=63307.28340 diff=0.00007
iter=764 terr=0.00225 serr=0.04485 act=4336468 obj=63302.85809 diff=0.00007

Done!11342.64 s

